2024-07-17T15:53:00.183+0800	[34mINFO[0m	clients/client_factory.go:60	logDir:</home/zsy/project/src/web/goodscenter/log>   cacheDir:</home/zsy/project/src/web/goodscenter/cache>
2024-07-17T15:53:00.183+0800	[34mINFO[0m	naming_client/push_receiver.go:81	udp server start, port: 55166
2024-07-17T15:53:00.183+0800	[31mERROR[0m	cache/disk_cache.go:60	read cacheDir:/home/zsy/project/src/web/goodscenter/cache/naming failed!err:open /home/zsy/project/src/web/goodscenter/cache/naming: no such file or directory
2024-07-17T15:53:00.184+0800	[34mINFO[0m	naming_client/naming_proxy.go:54	register instance namespaceId:<>,serviceName:<DEFAULT_GROUP@@goods> with instance:<{"valid":false,"marked":false,"instanceId":"","port":9112,"ip":"localhost","weight":10,"metadata":{"idc":"shanghai"},"clusterName":"","serviceName":"","enabled":true,"healthy":true,"ephemeral":true}>
2024-07-17T15:53:00.185+0800	[34mINFO[0m	naming_client/beat_reactor.go:68	adding beat: <{"ip":"localhost","port":9112,"weight":10,"serviceName":"DEFAULT_GROUP@@goods","cluster":"","metadata":{"idc":"shanghai"},"scheduled":false}> to beat map
2024-07-17T15:53:00.185+0800	[34mINFO[0m	naming_client/naming_proxy.go:103	namespaceId:<> sending beat to server:<{"ip":"localhost","port":9112,"weight":10,"serviceName":"DEFAULT_GROUP@@goods","cluster":"","metadata":{"idc":"shanghai"},"scheduled":false}>
2024-07-17T15:53:05.186+0800	[34mINFO[0m	naming_client/naming_proxy.go:103	namespaceId:<> sending beat to server:<{"ip":"localhost","port":9112,"weight":10,"serviceName":"DEFAULT_GROUP@@goods","cluster":"","metadata":{"idc":"shanghai"},"scheduled":false}>
2024-07-17T15:53:10.189+0800	[34mINFO[0m	naming_client/naming_proxy.go:103	namespaceId:<> sending beat to server:<{"ip":"localhost","port":9112,"weight":10,"serviceName":"DEFAULT_GROUP@@goods","cluster":"","metadata":{"idc":"shanghai"},"scheduled":false}>
2024-07-17T15:53:15.192+0800	[34mINFO[0m	naming_client/naming_proxy.go:103	namespaceId:<> sending beat to server:<{"ip":"localhost","port":9112,"weight":10,"serviceName":"DEFAULT_GROUP@@goods","cluster":"","metadata":{"idc":"shanghai"},"scheduled":false}>
2024-07-17T15:53:20.194+0800	[34mINFO[0m	naming_client/naming_proxy.go:103	namespaceId:<> sending beat to server:<{"ip":"localhost","port":9112,"weight":10,"serviceName":"DEFAULT_GROUP@@goods","cluster":"","metadata":{"idc":"shanghai"},"scheduled":false}>
2024-07-17T15:53:25.198+0800	[34mINFO[0m	naming_client/naming_proxy.go:103	namespaceId:<> sending beat to server:<{"ip":"localhost","port":9112,"weight":10,"serviceName":"DEFAULT_GROUP@@goods","cluster":"","metadata":{"idc":"shanghai"},"scheduled":false}>
2024-07-17T15:53:30.200+0800	[34mINFO[0m	naming_client/naming_proxy.go:103	namespaceId:<> sending beat to server:<{"ip":"localhost","port":9112,"weight":10,"serviceName":"DEFAULT_GROUP@@goods","cluster":"","metadata":{"idc":"shanghai"},"scheduled":false}>
2024-07-17T15:53:35.204+0800	[34mINFO[0m	naming_client/naming_proxy.go:103	namespaceId:<> sending beat to server:<{"ip":"localhost","port":9112,"weight":10,"serviceName":"DEFAULT_GROUP@@goods","cluster":"","metadata":{"idc":"shanghai"},"scheduled":false}>
2024-07-17T15:53:40.207+0800	[34mINFO[0m	naming_client/naming_proxy.go:103	namespaceId:<> sending beat to server:<{"ip":"localhost","port":9112,"weight":10,"serviceName":"DEFAULT_GROUP@@goods","cluster":"","metadata":{"idc":"shanghai"},"scheduled":false}>
2024-07-17T15:53:45.210+0800	[34mINFO[0m	naming_client/naming_proxy.go:103	namespaceId:<> sending beat to server:<{"ip":"localhost","port":9112,"weight":10,"serviceName":"DEFAULT_GROUP@@goods","cluster":"","metadata":{"idc":"shanghai"},"scheduled":false}>
2024-07-17T15:53:50.214+0800	[34mINFO[0m	naming_client/naming_proxy.go:103	namespaceId:<> sending beat to server:<{"ip":"localhost","port":9112,"weight":10,"serviceName":"DEFAULT_GROUP@@goods","cluster":"","metadata":{"idc":"shanghai"},"scheduled":false}>
2024-07-17T15:53:55.216+0800	[34mINFO[0m	naming_client/naming_proxy.go:103	namespaceId:<> sending beat to server:<{"ip":"localhost","port":9112,"weight":10,"serviceName":"DEFAULT_GROUP@@goods","cluster":"","metadata":{"idc":"shanghai"},"scheduled":false}>
2024-07-17T15:54:00.218+0800	[34mINFO[0m	naming_client/naming_proxy.go:103	namespaceId:<> sending beat to server:<{"ip":"localhost","port":9112,"weight":10,"serviceName":"DEFAULT_GROUP@@goods","cluster":"","metadata":{"idc":"shanghai"},"scheduled":false}>
2024-07-17T15:54:05.221+0800	[34mINFO[0m	naming_client/naming_proxy.go:103	namespaceId:<> sending beat to server:<{"ip":"localhost","port":9112,"weight":10,"serviceName":"DEFAULT_GROUP@@goods","cluster":"","metadata":{"idc":"shanghai"},"scheduled":false}>
2024-07-17T15:54:10.223+0800	[34mINFO[0m	naming_client/naming_proxy.go:103	namespaceId:<> sending beat to server:<{"ip":"localhost","port":9112,"weight":10,"serviceName":"DEFAULT_GROUP@@goods","cluster":"","metadata":{"idc":"shanghai"},"scheduled":false}>
2024-07-17T15:54:15.224+0800	[34mINFO[0m	naming_client/naming_proxy.go:103	namespaceId:<> sending beat to server:<{"ip":"localhost","port":9112,"weight":10,"serviceName":"DEFAULT_GROUP@@goods","cluster":"","metadata":{"idc":"shanghai"},"scheduled":false}>
2024-07-17T15:54:20.226+0800	[34mINFO[0m	naming_client/naming_proxy.go:103	namespaceId:<> sending beat to server:<{"ip":"localhost","port":9112,"weight":10,"serviceName":"DEFAULT_GROUP@@goods","cluster":"","metadata":{"idc":"shanghai"},"scheduled":false}>
2024-07-17T15:54:25.228+0800	[34mINFO[0m	naming_client/naming_proxy.go:103	namespaceId:<> sending beat to server:<{"ip":"localhost","port":9112,"weight":10,"serviceName":"DEFAULT_GROUP@@goods","cluster":"","metadata":{"idc":"shanghai"},"scheduled":false}>
2024-07-17T15:54:30.231+0800	[34mINFO[0m	naming_client/naming_proxy.go:103	namespaceId:<> sending beat to server:<{"ip":"localhost","port":9112,"weight":10,"serviceName":"DEFAULT_GROUP@@goods","cluster":"","metadata":{"idc":"shanghai"},"scheduled":false}>
2024-07-17T15:54:35.234+0800	[34mINFO[0m	naming_client/naming_proxy.go:103	namespaceId:<> sending beat to server:<{"ip":"localhost","port":9112,"weight":10,"serviceName":"DEFAULT_GROUP@@goods","cluster":"","metadata":{"idc":"shanghai"},"scheduled":false}>
2024-07-17T15:54:40.236+0800	[34mINFO[0m	naming_client/naming_proxy.go:103	namespaceId:<> sending beat to server:<{"ip":"localhost","port":9112,"weight":10,"serviceName":"DEFAULT_GROUP@@goods","cluster":"","metadata":{"idc":"shanghai"},"scheduled":false}>
2024-07-17T15:54:45.240+0800	[34mINFO[0m	naming_client/naming_proxy.go:103	namespaceId:<> sending beat to server:<{"ip":"localhost","port":9112,"weight":10,"serviceName":"DEFAULT_GROUP@@goods","cluster":"","metadata":{"idc":"shanghai"},"scheduled":false}>
2024-07-17T15:54:50.241+0800	[34mINFO[0m	naming_client/naming_proxy.go:103	namespaceId:<> sending beat to server:<{"ip":"localhost","port":9112,"weight":10,"serviceName":"DEFAULT_GROUP@@goods","cluster":"","metadata":{"idc":"shanghai"},"scheduled":false}>
2024-07-17T15:54:55.243+0800	[34mINFO[0m	naming_client/naming_proxy.go:103	namespaceId:<> sending beat to server:<{"ip":"localhost","port":9112,"weight":10,"serviceName":"DEFAULT_GROUP@@goods","cluster":"","metadata":{"idc":"shanghai"},"scheduled":false}>
2024-07-17T15:55:00.245+0800	[34mINFO[0m	naming_client/naming_proxy.go:103	namespaceId:<> sending beat to server:<{"ip":"localhost","port":9112,"weight":10,"serviceName":"DEFAULT_GROUP@@goods","cluster":"","metadata":{"idc":"shanghai"},"scheduled":false}>
2024-07-17T15:55:05.247+0800	[34mINFO[0m	naming_client/naming_proxy.go:103	namespaceId:<> sending beat to server:<{"ip":"localhost","port":9112,"weight":10,"serviceName":"DEFAULT_GROUP@@goods","cluster":"","metadata":{"idc":"shanghai"},"scheduled":false}>
2024-07-17T15:55:10.249+0800	[34mINFO[0m	naming_client/naming_proxy.go:103	namespaceId:<> sending beat to server:<{"ip":"localhost","port":9112,"weight":10,"serviceName":"DEFAULT_GROUP@@goods","cluster":"","metadata":{"idc":"shanghai"},"scheduled":false}>
2024-07-17T15:55:15.251+0800	[34mINFO[0m	naming_client/naming_proxy.go:103	namespaceId:<> sending beat to server:<{"ip":"localhost","port":9112,"weight":10,"serviceName":"DEFAULT_GROUP@@goods","cluster":"","metadata":{"idc":"shanghai"},"scheduled":false}>
2024-07-17T15:55:20.253+0800	[34mINFO[0m	naming_client/naming_proxy.go:103	namespaceId:<> sending beat to server:<{"ip":"localhost","port":9112,"weight":10,"serviceName":"DEFAULT_GROUP@@goods","cluster":"","metadata":{"idc":"shanghai"},"scheduled":false}>
2024-07-17T15:55:25.255+0800	[34mINFO[0m	naming_client/naming_proxy.go:103	namespaceId:<> sending beat to server:<{"ip":"localhost","port":9112,"weight":10,"serviceName":"DEFAULT_GROUP@@goods","cluster":"","metadata":{"idc":"shanghai"},"scheduled":false}>
2024-07-17T15:55:30.257+0800	[34mINFO[0m	naming_client/naming_proxy.go:103	namespaceId:<> sending beat to server:<{"ip":"localhost","port":9112,"weight":10,"serviceName":"DEFAULT_GROUP@@goods","cluster":"","metadata":{"idc":"shanghai"},"scheduled":false}>
2024-07-17T15:55:35.260+0800	[34mINFO[0m	naming_client/naming_proxy.go:103	namespaceId:<> sending beat to server:<{"ip":"localhost","port":9112,"weight":10,"serviceName":"DEFAULT_GROUP@@goods","cluster":"","metadata":{"idc":"shanghai"},"scheduled":false}>
2024-07-17T15:55:40.263+0800	[34mINFO[0m	naming_client/naming_proxy.go:103	namespaceId:<> sending beat to server:<{"ip":"localhost","port":9112,"weight":10,"serviceName":"DEFAULT_GROUP@@goods","cluster":"","metadata":{"idc":"shanghai"},"scheduled":false}>
2024-07-17T15:55:45.265+0800	[34mINFO[0m	naming_client/naming_proxy.go:103	namespaceId:<> sending beat to server:<{"ip":"localhost","port":9112,"weight":10,"serviceName":"DEFAULT_GROUP@@goods","cluster":"","metadata":{"idc":"shanghai"},"scheduled":false}>
2024-07-17T15:55:50.267+0800	[34mINFO[0m	naming_client/naming_proxy.go:103	namespaceId:<> sending beat to server:<{"ip":"localhost","port":9112,"weight":10,"serviceName":"DEFAULT_GROUP@@goods","cluster":"","metadata":{"idc":"shanghai"},"scheduled":false}>
2024-07-17T15:55:55.269+0800	[34mINFO[0m	naming_client/naming_proxy.go:103	namespaceId:<> sending beat to server:<{"ip":"localhost","port":9112,"weight":10,"serviceName":"DEFAULT_GROUP@@goods","cluster":"","metadata":{"idc":"shanghai"},"scheduled":false}>
2024-07-17T15:56:00.271+0800	[34mINFO[0m	naming_client/naming_proxy.go:103	namespaceId:<> sending beat to server:<{"ip":"localhost","port":9112,"weight":10,"serviceName":"DEFAULT_GROUP@@goods","cluster":"","metadata":{"idc":"shanghai"},"scheduled":false}>
2024-07-17T15:56:05.274+0800	[34mINFO[0m	naming_client/naming_proxy.go:103	namespaceId:<> sending beat to server:<{"ip":"localhost","port":9112,"weight":10,"serviceName":"DEFAULT_GROUP@@goods","cluster":"","metadata":{"idc":"shanghai"},"scheduled":false}>
2024-07-17T15:56:10.277+0800	[34mINFO[0m	naming_client/naming_proxy.go:103	namespaceId:<> sending beat to server:<{"ip":"localhost","port":9112,"weight":10,"serviceName":"DEFAULT_GROUP@@goods","cluster":"","metadata":{"idc":"shanghai"},"scheduled":false}>
2024-07-17T15:56:15.280+0800	[34mINFO[0m	naming_client/naming_proxy.go:103	namespaceId:<> sending beat to server:<{"ip":"localhost","port":9112,"weight":10,"serviceName":"DEFAULT_GROUP@@goods","cluster":"","metadata":{"idc":"shanghai"},"scheduled":false}>
2024-07-17T15:56:20.282+0800	[34mINFO[0m	naming_client/naming_proxy.go:103	namespaceId:<> sending beat to server:<{"ip":"localhost","port":9112,"weight":10,"serviceName":"DEFAULT_GROUP@@goods","cluster":"","metadata":{"idc":"shanghai"},"scheduled":false}>
2024-07-17T15:56:25.284+0800	[34mINFO[0m	naming_client/naming_proxy.go:103	namespaceId:<> sending beat to server:<{"ip":"localhost","port":9112,"weight":10,"serviceName":"DEFAULT_GROUP@@goods","cluster":"","metadata":{"idc":"shanghai"},"scheduled":false}>
2024-07-17T15:56:30.286+0800	[34mINFO[0m	naming_client/naming_proxy.go:103	namespaceId:<> sending beat to server:<{"ip":"localhost","port":9112,"weight":10,"serviceName":"DEFAULT_GROUP@@goods","cluster":"","metadata":{"idc":"shanghai"},"scheduled":false}>
2024-07-17T15:56:35.289+0800	[34mINFO[0m	naming_client/naming_proxy.go:103	namespaceId:<> sending beat to server:<{"ip":"localhost","port":9112,"weight":10,"serviceName":"DEFAULT_GROUP@@goods","cluster":"","metadata":{"idc":"shanghai"},"scheduled":false}>
2024-07-17T15:56:40.292+0800	[34mINFO[0m	naming_client/naming_proxy.go:103	namespaceId:<> sending beat to server:<{"ip":"localhost","port":9112,"weight":10,"serviceName":"DEFAULT_GROUP@@goods","cluster":"","metadata":{"idc":"shanghai"},"scheduled":false}>
2024-07-17T15:56:45.295+0800	[34mINFO[0m	naming_client/naming_proxy.go:103	namespaceId:<> sending beat to server:<{"ip":"localhost","port":9112,"weight":10,"serviceName":"DEFAULT_GROUP@@goods","cluster":"","metadata":{"idc":"shanghai"},"scheduled":false}>
2024-07-17T15:56:50.297+0800	[34mINFO[0m	naming_client/naming_proxy.go:103	namespaceId:<> sending beat to server:<{"ip":"localhost","port":9112,"weight":10,"serviceName":"DEFAULT_GROUP@@goods","cluster":"","metadata":{"idc":"shanghai"},"scheduled":false}>
2024-07-17T15:56:55.300+0800	[34mINFO[0m	naming_client/naming_proxy.go:103	namespaceId:<> sending beat to server:<{"ip":"localhost","port":9112,"weight":10,"serviceName":"DEFAULT_GROUP@@goods","cluster":"","metadata":{"idc":"shanghai"},"scheduled":false}>
2024-07-17T15:57:00.303+0800	[34mINFO[0m	naming_client/naming_proxy.go:103	namespaceId:<> sending beat to server:<{"ip":"localhost","port":9112,"weight":10,"serviceName":"DEFAULT_GROUP@@goods","cluster":"","metadata":{"idc":"shanghai"},"scheduled":false}>
