2024-07-17T15:53:02.437+0800	[34mINFO[0m	clients/client_factory.go:60	logDir:</home/zsy/project/src/web/goodscenter_two/log>   cacheDir:</home/zsy/project/src/web/goodscenter_two/cache>
2024-07-17T15:53:02.437+0800	[34mINFO[0m	naming_client/push_receiver.go:81	udp server start, port: 55875
2024-07-17T15:53:02.437+0800	[31mERROR[0m	cache/disk_cache.go:60	read cacheDir:/home/zsy/project/src/web/goodscenter_two/cache/naming failed!err:open /home/zsy/project/src/web/goodscenter_two/cache/naming: no such file or directory
2024-07-17T15:53:02.437+0800	[34mINFO[0m	naming_client/naming_proxy.go:54	register instance namespaceId:<>,serviceName:<DEFAULT_GROUP@@goods> with instance:<{"valid":false,"marked":false,"instanceId":"","port":9112,"ip":"localhost","weight":10,"metadata":{"idc":"shanghai"},"clusterName":"","serviceName":"","enabled":true,"healthy":true,"ephemeral":true}>
2024-07-17T15:53:02.438+0800	[34mINFO[0m	naming_client/beat_reactor.go:68	adding beat: <{"ip":"localhost","port":9112,"weight":10,"serviceName":"DEFAULT_GROUP@@goods","cluster":"","metadata":{"idc":"shanghai"},"scheduled":false}> to beat map
2024-07-17T15:53:02.438+0800	[34mINFO[0m	naming_client/naming_proxy.go:103	namespaceId:<> sending beat to server:<{"ip":"localhost","port":9112,"weight":10,"serviceName":"DEFAULT_GROUP@@goods","cluster":"","metadata":{"idc":"shanghai"},"scheduled":false}>
2024-07-17T15:54:13.327+0800	[34mINFO[0m	clients/client_factory.go:60	logDir:</home/zsy/project/src/web/goodscenter_two/log>   cacheDir:</home/zsy/project/src/web/goodscenter_two/cache>
2024-07-17T15:54:13.327+0800	[34mINFO[0m	naming_client/push_receiver.go:81	udp server start, port: 55157
2024-07-17T15:54:13.327+0800	[31mERROR[0m	cache/disk_cache.go:60	read cacheDir:/home/zsy/project/src/web/goodscenter_two/cache/naming failed!err:open /home/zsy/project/src/web/goodscenter_two/cache/naming: no such file or directory
2024-07-17T15:54:13.327+0800	[34mINFO[0m	naming_client/naming_proxy.go:54	register instance namespaceId:<>,serviceName:<DEFAULT_GROUP@@goods> with instance:<{"valid":false,"marked":false,"instanceId":"","port":9223,"ip":"localhost","weight":10,"metadata":{"idc":"shanghai"},"clusterName":"","serviceName":"","enabled":true,"healthy":true,"ephemeral":true}>
2024-07-17T15:54:13.328+0800	[34mINFO[0m	naming_client/beat_reactor.go:68	adding beat: <{"ip":"localhost","port":9223,"weight":10,"serviceName":"DEFAULT_GROUP@@goods","cluster":"","metadata":{"idc":"shanghai"},"scheduled":false}> to beat map
2024-07-17T15:54:13.328+0800	[34mINFO[0m	naming_client/naming_proxy.go:103	namespaceId:<> sending beat to server:<{"ip":"localhost","port":9223,"weight":10,"serviceName":"DEFAULT_GROUP@@goods","cluster":"","metadata":{"idc":"shanghai"},"scheduled":false}>
2024-07-17T15:54:18.329+0800	[34mINFO[0m	naming_client/naming_proxy.go:103	namespaceId:<> sending beat to server:<{"ip":"localhost","port":9223,"weight":10,"serviceName":"DEFAULT_GROUP@@goods","cluster":"","metadata":{"idc":"shanghai"},"scheduled":false}>
2024-07-17T15:54:23.331+0800	[34mINFO[0m	naming_client/naming_proxy.go:103	namespaceId:<> sending beat to server:<{"ip":"localhost","port":9223,"weight":10,"serviceName":"DEFAULT_GROUP@@goods","cluster":"","metadata":{"idc":"shanghai"},"scheduled":false}>
2024-07-17T15:54:28.333+0800	[34mINFO[0m	naming_client/naming_proxy.go:103	namespaceId:<> sending beat to server:<{"ip":"localhost","port":9223,"weight":10,"serviceName":"DEFAULT_GROUP@@goods","cluster":"","metadata":{"idc":"shanghai"},"scheduled":false}>
2024-07-17T15:54:33.336+0800	[34mINFO[0m	naming_client/naming_proxy.go:103	namespaceId:<> sending beat to server:<{"ip":"localhost","port":9223,"weight":10,"serviceName":"DEFAULT_GROUP@@goods","cluster":"","metadata":{"idc":"shanghai"},"scheduled":false}>
2024-07-17T15:54:38.340+0800	[34mINFO[0m	naming_client/naming_proxy.go:103	namespaceId:<> sending beat to server:<{"ip":"localhost","port":9223,"weight":10,"serviceName":"DEFAULT_GROUP@@goods","cluster":"","metadata":{"idc":"shanghai"},"scheduled":false}>
2024-07-17T15:54:43.343+0800	[34mINFO[0m	naming_client/naming_proxy.go:103	namespaceId:<> sending beat to server:<{"ip":"localhost","port":9223,"weight":10,"serviceName":"DEFAULT_GROUP@@goods","cluster":"","metadata":{"idc":"shanghai"},"scheduled":false}>
2024-07-17T15:54:48.345+0800	[34mINFO[0m	naming_client/naming_proxy.go:103	namespaceId:<> sending beat to server:<{"ip":"localhost","port":9223,"weight":10,"serviceName":"DEFAULT_GROUP@@goods","cluster":"","metadata":{"idc":"shanghai"},"scheduled":false}>
2024-07-17T15:54:53.348+0800	[34mINFO[0m	naming_client/naming_proxy.go:103	namespaceId:<> sending beat to server:<{"ip":"localhost","port":9223,"weight":10,"serviceName":"DEFAULT_GROUP@@goods","cluster":"","metadata":{"idc":"shanghai"},"scheduled":false}>
2024-07-17T15:54:58.351+0800	[34mINFO[0m	naming_client/naming_proxy.go:103	namespaceId:<> sending beat to server:<{"ip":"localhost","port":9223,"weight":10,"serviceName":"DEFAULT_GROUP@@goods","cluster":"","metadata":{"idc":"shanghai"},"scheduled":false}>
2024-07-17T15:55:03.353+0800	[34mINFO[0m	naming_client/naming_proxy.go:103	namespaceId:<> sending beat to server:<{"ip":"localhost","port":9223,"weight":10,"serviceName":"DEFAULT_GROUP@@goods","cluster":"","metadata":{"idc":"shanghai"},"scheduled":false}>
2024-07-17T15:55:08.354+0800	[34mINFO[0m	naming_client/naming_proxy.go:103	namespaceId:<> sending beat to server:<{"ip":"localhost","port":9223,"weight":10,"serviceName":"DEFAULT_GROUP@@goods","cluster":"","metadata":{"idc":"shanghai"},"scheduled":false}>
2024-07-17T15:55:13.357+0800	[34mINFO[0m	naming_client/naming_proxy.go:103	namespaceId:<> sending beat to server:<{"ip":"localhost","port":9223,"weight":10,"serviceName":"DEFAULT_GROUP@@goods","cluster":"","metadata":{"idc":"shanghai"},"scheduled":false}>
2024-07-17T15:55:18.358+0800	[34mINFO[0m	naming_client/naming_proxy.go:103	namespaceId:<> sending beat to server:<{"ip":"localhost","port":9223,"weight":10,"serviceName":"DEFAULT_GROUP@@goods","cluster":"","metadata":{"idc":"shanghai"},"scheduled":false}>
2024-07-17T15:55:23.361+0800	[34mINFO[0m	naming_client/naming_proxy.go:103	namespaceId:<> sending beat to server:<{"ip":"localhost","port":9223,"weight":10,"serviceName":"DEFAULT_GROUP@@goods","cluster":"","metadata":{"idc":"shanghai"},"scheduled":false}>
2024-07-17T15:55:28.363+0800	[34mINFO[0m	naming_client/naming_proxy.go:103	namespaceId:<> sending beat to server:<{"ip":"localhost","port":9223,"weight":10,"serviceName":"DEFAULT_GROUP@@goods","cluster":"","metadata":{"idc":"shanghai"},"scheduled":false}>
2024-07-17T15:55:33.366+0800	[34mINFO[0m	naming_client/naming_proxy.go:103	namespaceId:<> sending beat to server:<{"ip":"localhost","port":9223,"weight":10,"serviceName":"DEFAULT_GROUP@@goods","cluster":"","metadata":{"idc":"shanghai"},"scheduled":false}>
2024-07-17T15:55:38.368+0800	[34mINFO[0m	naming_client/naming_proxy.go:103	namespaceId:<> sending beat to server:<{"ip":"localhost","port":9223,"weight":10,"serviceName":"DEFAULT_GROUP@@goods","cluster":"","metadata":{"idc":"shanghai"},"scheduled":false}>
2024-07-17T15:55:43.371+0800	[34mINFO[0m	naming_client/naming_proxy.go:103	namespaceId:<> sending beat to server:<{"ip":"localhost","port":9223,"weight":10,"serviceName":"DEFAULT_GROUP@@goods","cluster":"","metadata":{"idc":"shanghai"},"scheduled":false}>
2024-07-17T15:55:48.374+0800	[34mINFO[0m	naming_client/naming_proxy.go:103	namespaceId:<> sending beat to server:<{"ip":"localhost","port":9223,"weight":10,"serviceName":"DEFAULT_GROUP@@goods","cluster":"","metadata":{"idc":"shanghai"},"scheduled":false}>
2024-07-17T15:55:53.377+0800	[34mINFO[0m	naming_client/naming_proxy.go:103	namespaceId:<> sending beat to server:<{"ip":"localhost","port":9223,"weight":10,"serviceName":"DEFAULT_GROUP@@goods","cluster":"","metadata":{"idc":"shanghai"},"scheduled":false}>
2024-07-17T15:55:58.380+0800	[34mINFO[0m	naming_client/naming_proxy.go:103	namespaceId:<> sending beat to server:<{"ip":"localhost","port":9223,"weight":10,"serviceName":"DEFAULT_GROUP@@goods","cluster":"","metadata":{"idc":"shanghai"},"scheduled":false}>
2024-07-17T15:56:03.382+0800	[34mINFO[0m	naming_client/naming_proxy.go:103	namespaceId:<> sending beat to server:<{"ip":"localhost","port":9223,"weight":10,"serviceName":"DEFAULT_GROUP@@goods","cluster":"","metadata":{"idc":"shanghai"},"scheduled":false}>
2024-07-17T15:56:08.385+0800	[34mINFO[0m	naming_client/naming_proxy.go:103	namespaceId:<> sending beat to server:<{"ip":"localhost","port":9223,"weight":10,"serviceName":"DEFAULT_GROUP@@goods","cluster":"","metadata":{"idc":"shanghai"},"scheduled":false}>
2024-07-17T15:56:13.388+0800	[34mINFO[0m	naming_client/naming_proxy.go:103	namespaceId:<> sending beat to server:<{"ip":"localhost","port":9223,"weight":10,"serviceName":"DEFAULT_GROUP@@goods","cluster":"","metadata":{"idc":"shanghai"},"scheduled":false}>
2024-07-17T15:56:18.390+0800	[34mINFO[0m	naming_client/naming_proxy.go:103	namespaceId:<> sending beat to server:<{"ip":"localhost","port":9223,"weight":10,"serviceName":"DEFAULT_GROUP@@goods","cluster":"","metadata":{"idc":"shanghai"},"scheduled":false}>
2024-07-17T15:56:23.393+0800	[34mINFO[0m	naming_client/naming_proxy.go:103	namespaceId:<> sending beat to server:<{"ip":"localhost","port":9223,"weight":10,"serviceName":"DEFAULT_GROUP@@goods","cluster":"","metadata":{"idc":"shanghai"},"scheduled":false}>
2024-07-17T15:56:28.395+0800	[34mINFO[0m	naming_client/naming_proxy.go:103	namespaceId:<> sending beat to server:<{"ip":"localhost","port":9223,"weight":10,"serviceName":"DEFAULT_GROUP@@goods","cluster":"","metadata":{"idc":"shanghai"},"scheduled":false}>
2024-07-17T15:56:33.397+0800	[34mINFO[0m	naming_client/naming_proxy.go:103	namespaceId:<> sending beat to server:<{"ip":"localhost","port":9223,"weight":10,"serviceName":"DEFAULT_GROUP@@goods","cluster":"","metadata":{"idc":"shanghai"},"scheduled":false}>
2024-07-17T15:56:38.399+0800	[34mINFO[0m	naming_client/naming_proxy.go:103	namespaceId:<> sending beat to server:<{"ip":"localhost","port":9223,"weight":10,"serviceName":"DEFAULT_GROUP@@goods","cluster":"","metadata":{"idc":"shanghai"},"scheduled":false}>
2024-07-17T15:56:43.402+0800	[34mINFO[0m	naming_client/naming_proxy.go:103	namespaceId:<> sending beat to server:<{"ip":"localhost","port":9223,"weight":10,"serviceName":"DEFAULT_GROUP@@goods","cluster":"","metadata":{"idc":"shanghai"},"scheduled":false}>
2024-07-17T15:56:48.405+0800	[34mINFO[0m	naming_client/naming_proxy.go:103	namespaceId:<> sending beat to server:<{"ip":"localhost","port":9223,"weight":10,"serviceName":"DEFAULT_GROUP@@goods","cluster":"","metadata":{"idc":"shanghai"},"scheduled":false}>
2024-07-17T15:56:53.407+0800	[34mINFO[0m	naming_client/naming_proxy.go:103	namespaceId:<> sending beat to server:<{"ip":"localhost","port":9223,"weight":10,"serviceName":"DEFAULT_GROUP@@goods","cluster":"","metadata":{"idc":"shanghai"},"scheduled":false}>
2024-07-17T15:56:58.410+0800	[34mINFO[0m	naming_client/naming_proxy.go:103	namespaceId:<> sending beat to server:<{"ip":"localhost","port":9223,"weight":10,"serviceName":"DEFAULT_GROUP@@goods","cluster":"","metadata":{"idc":"shanghai"},"scheduled":false}>
2024-07-17T15:57:03.412+0800	[34mINFO[0m	naming_client/naming_proxy.go:103	namespaceId:<> sending beat to server:<{"ip":"localhost","port":9223,"weight":10,"serviceName":"DEFAULT_GROUP@@goods","cluster":"","metadata":{"idc":"shanghai"},"scheduled":false}>
